
> contador-de-token@1.0.0 start
> node server/index.js

◇ injected env (3) from .env // tip: ◈ encrypted .env [www.dotenvx.com]
D:\Contador de Token\node_modules\path-to-regexp\dist\index.js:108
                    throw new PathError(`Missing parameter name at index ${index}`, str);
                          ^

PathError [TypeError]: Missing parameter name at index 1: *; visit https://git.new/pathToRegexpError for info
    at consumeUntil (D:\Contador de Token\node_modules\path-to-regexp\dist\index.js:108:27)
    at parse (D:\Contador de Token\node_modules\path-to-regexp\dist\index.js:140:26)
    at process (D:\Contador de Token\node_modules\path-to-regexp\dist\index.js:263:56)
    at pathToRegexp (D:\Contador de Token\node_modules\path-to-regexp\dist\index.js:274:5)
    at Object.match (D:\Contador de Token\node_modules\path-to-regexp\dist\index.js:225:30)
    at matcher (D:\Contador de Token\node_modules\router\lib\layer.js:86:23)
    at new Layer (D:\Contador de Token\node_modules\router\lib\layer.js:93:62)
    at router.route (D:\Contador de Token\node_modules\router\index.js:428:17)
    at app.route (D:\Contador de Token\node_modules\express\lib\application.js:257:22)
    at app.<computed> [as get] (D:\Contador de Token\node_modules\express\lib\application.js:478:22) {
  originalPath: '*'
}

Node.js v24.14.0
